2020-07-07 21:02:12,184 INFO o.a.j.u.JMeterUtils: Setting Locale to en_EN
2020-07-07 21:02:12,224 INFO o.a.j.JMeter: Loading user properties from: /usr/local/Cellar/jmeter/5.3/libexec/bin/user.properties
2020-07-07 21:02:12,225 INFO o.a.j.JMeter: Loading system properties from: /usr/local/Cellar/jmeter/5.3/libexec/bin/system.properties
2020-07-07 21:02:12,227 INFO o.a.j.JMeter: Copyright (c) 1998-2020 The Apache Software Foundation
2020-07-07 21:02:12,227 INFO o.a.j.JMeter: Version 5.3
2020-07-07 21:02:12,227 INFO o.a.j.JMeter: java.version=13.0.2
2020-07-07 21:02:12,227 INFO o.a.j.JMeter: java.vm.name=OpenJDK 64-Bit Server VM
2020-07-07 21:02:12,227 INFO o.a.j.JMeter: os.name=Mac OS X
2020-07-07 21:02:12,227 INFO o.a.j.JMeter: os.arch=x86_64
2020-07-07 21:02:12,227 INFO o.a.j.JMeter: os.version=10.15.5
2020-07-07 21:02:12,227 INFO o.a.j.JMeter: file.encoding=UTF-8
2020-07-07 21:02:12,227 INFO o.a.j.JMeter: java.awt.headless=null
2020-07-07 21:02:12,227 INFO o.a.j.JMeter: Max memory     =1073741824
2020-07-07 21:02:12,228 INFO o.a.j.JMeter: Available Processors =8
2020-07-07 21:02:12,239 INFO o.a.j.JMeter: Default Locale=English (EN)
2020-07-07 21:02:12,240 INFO o.a.j.JMeter: JMeter  Locale=English (EN)
2020-07-07 21:02:12,240 INFO o.a.j.JMeter: JMeterHome=/usr/local/Cellar/jmeter/5.3/libexec
2020-07-07 21:02:12,240 INFO o.a.j.JMeter: user.dir  =/Users/yanwang/project/springbootexamples/spring-boot-seckill
2020-07-07 21:02:12,240 INFO o.a.j.JMeter: PWD       =/Users/yanwang/project/springbootexamples/spring-boot-seckill
2020-07-07 21:02:12,248 INFO o.a.j.JMeter: IP: 192.168.1.113 Name: YandeMBP FullName: yandembp
2020-07-07 21:02:12,862 INFO o.a.j.JMeter: Setting LAF to: com.github.weisj.darklaf.DarkLaf:com.github.weisj.darklaf.theme.DarculaTheme
2020-07-07 21:02:13,865 INFO o.a.j.JMeter: Loaded icon properties from org/apache/jmeter/images/icon.properties
2020-07-07 21:02:14,962 INFO o.j.r.JARSourceHTTP: Requesting https://jmeter-plugins.org/repo/?installID=mac_os_x-f473d6eb1546cf12f5d17b8e01b02ce8-gui
2020-07-07 21:02:16,631 INFO o.j.r.PluginManager: Plugins Status: [jpgc-plugins-manager=1.3, jmeter-core=5.3, jmeter-ftp=5.3, jmeter-http=5.3, jmeter-jdbc=5.3, jmeter-jms=5.3, jmeter-junit=5.3, jmeter-java=5.3, jmeter-ldap=5.3, jmeter-mail=5.3, jmeter-mongodb=5.3, jmeter-native=5.3, jmeter-tcp=5.3, jmeter-components=5.3]
2020-07-07 21:02:16,633 INFO o.j.r.PluginManagerMenuItem: Plugins Manager has upgrades: [jpgc-plugins-manager]
2020-07-07 21:13:25,234 INFO o.a.j.e.StandardJMeterEngine: Running the test!
2020-07-07 21:13:25,236 INFO o.a.j.s.SampleEvent: List of sample_variables: []
2020-07-07 21:13:25,236 INFO o.a.j.s.SampleEvent: List of sample_variables: []
2020-07-07 21:13:25,238 INFO o.a.j.e.u.CompoundVariable: Note: Function class names must contain the string: '.functions.'
2020-07-07 21:13:25,238 INFO o.a.j.e.u.CompoundVariable: Note: Function class names must not contain the string: '.gui.'
2020-07-07 21:13:25,493 INFO o.a.j.g.u.JMeterMenuBar: setRunning(true, *local*)
2020-07-07 21:13:25,549 INFO o.a.j.e.StandardJMeterEngine: No enabled thread groups found
2020-07-07 21:13:25,549 INFO o.a.j.e.StandardJMeterEngine: Notifying test listeners of end of test
2020-07-07 21:13:25,552 INFO o.a.j.s.FileServer: Default base='/Users/yanwang/project/springbootexamples/spring-boot-seckill'
2020-07-07 21:13:25,552 INFO o.a.j.g.u.JMeterMenuBar: setRunning(false, *local*)
2020-07-07 21:13:42,551 INFO o.a.j.s.FileServer: Set new base='/Users/yanwang/project/springbootexamples/spring-boot-seckill'
2020-07-07 21:13:42,699 INFO o.a.j.s.SaveService: Testplan (JMX) version: 2.2. Testlog (JTL) version: 2.2
2020-07-07 21:13:42,707 INFO o.a.j.s.SaveService: Using SaveService properties version 5.0
2020-07-07 21:13:42,708 INFO o.a.j.s.SaveService: Using SaveService properties file encoding UTF-8
2020-07-07 21:13:42,722 INFO o.a.j.e.StandardJMeterEngine: Running the test!
2020-07-07 21:13:42,723 INFO o.a.j.s.SampleEvent: List of sample_variables: []
2020-07-07 21:13:42,724 INFO o.a.j.g.u.JMeterMenuBar: setRunning(true, *local*)
2020-07-07 21:13:42,763 INFO o.a.j.e.StandardJMeterEngine: No enabled thread groups found
2020-07-07 21:13:42,763 INFO o.a.j.e.StandardJMeterEngine: Notifying test listeners of end of test
2020-07-07 21:13:42,764 INFO o.a.j.g.u.JMeterMenuBar: setRunning(false, *local*)
2020-07-07 21:13:44,647 INFO o.a.j.e.StandardJMeterEngine: Running the test!
2020-07-07 21:13:44,647 INFO o.a.j.s.SampleEvent: List of sample_variables: []
2020-07-07 21:13:44,648 INFO o.a.j.g.u.JMeterMenuBar: setRunning(true, *local*)
2020-07-07 21:13:44,682 INFO o.a.j.e.StandardJMeterEngine: No enabled thread groups found
2020-07-07 21:13:44,682 INFO o.a.j.e.StandardJMeterEngine: Notifying test listeners of end of test
2020-07-07 21:13:44,682 INFO o.a.j.g.u.JMeterMenuBar: setRunning(false, *local*)
2020-07-07 21:13:46,400 INFO o.a.j.e.StandardJMeterEngine: Running the test!
2020-07-07 21:13:46,401 INFO o.a.j.s.SampleEvent: List of sample_variables: []
2020-07-07 21:13:46,402 INFO o.a.j.g.u.JMeterMenuBar: setRunning(true, *local*)
2020-07-07 21:13:46,434 INFO o.a.j.e.StandardJMeterEngine: No enabled thread groups found
2020-07-07 21:13:46,434 INFO o.a.j.e.StandardJMeterEngine: Notifying test listeners of end of test
2020-07-07 21:13:46,434 INFO o.a.j.g.u.JMeterMenuBar: setRunning(false, *local*)
